TN:
SF:src\asyncWrapper.ts
FN:3,asyncWrapper
FN:6,(anonymous_1)
FNF:2
FNH:2
FNDA:27,asyncWrapper
FNDA:23,(anonymous_1)
DA:3,3
DA:6,27
DA:7,23
LF:3
LH:3
BRF:0
BRH:0
end_of_record
TN:
SF:src\constants.ts
FNF:0
FNH:0
DA:15,3
DA:23,3
LF:2
LH:2
BRF:0
BRH:0
end_of_record
TN:
SF:src\main.ts
FN:23,(anonymous_1)
FN:24,(anonymous_2)
FN:31,(anonymous_3)
FN:35,(anonymous_4)
FNF:4
FNH:3
FNDA:3,(anonymous_1)
FNDA:0,(anonymous_2)
FNDA:1,(anonymous_3)
FNDA:3,(anonymous_4)
DA:1,3
DA:2,3
DA:3,3
DA:4,3
DA:6,3
DA:8,3
DA:9,3
DA:10,3
DA:11,3
DA:13,3
DA:14,3
DA:15,3
DA:16,3
DA:18,3
DA:19,3
DA:21,3
DA:23,3
DA:24,0
DA:26,3
DA:27,3
DA:28,3
DA:29,3
DA:31,3
DA:32,1
DA:35,3
DA:36,3
LF:26
LH:25
BRDA:14,0,0,0
BRDA:14,0,1,3
BRF:2
BRH:1
end_of_record
TN:
SF:src\swaggerOptions.ts
FNF:0
FNH:0
DA:1,3
DA:3,3
DA:20,3
LF:3
LH:3
BRF:0
BRH:0
end_of_record
TN:
SF:src\controllers\genres.controllers.ts
FN:7,(anonymous_13)
FN:7,(anonymous_14)
FN:12,(anonymous_16)
FN:12,(anonymous_17)
FN:22,(anonymous_19)
FN:22,(anonymous_20)
FN:37,(anonymous_22)
FN:37,(anonymous_23)
FNF:8
FNH:8
FNDA:2,(anonymous_13)
FNDA:2,(anonymous_14)
FNDA:2,(anonymous_16)
FNDA:2,(anonymous_17)
FNDA:3,(anonymous_19)
FNDA:3,(anonymous_20)
FNDA:3,(anonymous_22)
FNDA:3,(anonymous_23)
DA:2,3
DA:4,3
DA:5,3
DA:7,3
DA:8,2
DA:9,1
DA:12,3
DA:13,2
DA:14,2
DA:15,2
DA:16,1
DA:19,1
DA:22,3
DA:23,3
DA:24,3
DA:30,2
DA:31,1
DA:33,1
DA:37,3
DA:38,3
DA:40,2
DA:41,1
DA:43,1
LF:23
LH:23
BRDA:8,0,0,2
BRDA:30,1,0,1
BRDA:30,1,1,1
BRDA:38,2,0,3
BRDA:40,3,0,1
BRDA:40,3,1,1
BRF:6
BRH:6
end_of_record
TN:
SF:src\controllers\healthChecks.controllers.ts
FN:3,(anonymous_0)
FNF:1
FNH:1
FNDA:1,(anonymous_0)
DA:3,4
DA:4,1
DA:5,1
LF:3
LH:3
BRF:0
BRH:0
end_of_record
TN:
SF:src\controllers\movies.controllers.ts
FN:7,(anonymous_14)
FN:7,(anonymous_15)
FN:12,(anonymous_17)
FN:12,(anonymous_18)
FN:25,(anonymous_20)
FN:25,(anonymous_21)
FN:47,(anonymous_23)
FN:47,(anonymous_24)
FN:57,(anonymous_26)
FN:57,(anonymous_27)
FNF:10
FNH:10
FNDA:2,(anonymous_14)
FNDA:2,(anonymous_15)
FNDA:2,(anonymous_17)
FNDA:2,(anonymous_18)
FNDA:3,(anonymous_20)
FNDA:3,(anonymous_21)
FNDA:3,(anonymous_23)
FNDA:3,(anonymous_24)
FNDA:3,(anonymous_26)
FNDA:3,(anonymous_27)
DA:2,3
DA:4,3
DA:5,3
DA:7,3
DA:8,2
DA:9,1
DA:12,3
DA:13,2
DA:14,2
DA:15,2
DA:16,1
DA:22,1
DA:25,3
DA:26,3
DA:27,3
DA:40,2
DA:41,1
DA:43,1
DA:47,3
DA:48,3
DA:49,3
DA:50,2
DA:51,1
DA:53,1
DA:57,3
DA:58,3
DA:59,3
DA:60,2
LF:28
LH:28
BRDA:8,0,0,2
BRDA:40,1,0,1
BRDA:40,1,1,1
BRDA:50,2,0,1
BRDA:50,2,1,1
BRF:5
BRH:5
end_of_record
TN:
SF:src\errors\errorHandler.ts
FN:5,(anonymous_0)
FNF:1
FNH:1
FNDA:20,(anonymous_0)
DA:2,4
DA:5,4
DA:6,20
DA:7,10
DA:9,10
LF:5
LH:5
BRDA:6,0,0,10
BRDA:6,0,1,10
BRF:2
BRH:2
end_of_record
TN:
SF:src\errors\httpError.ts
FN:1,(anonymous_6)
FN:3,HttpError
FNF:2
FNH:2
FNDA:6,(anonymous_6)
FNDA:15,HttpError
DA:1,6
DA:4,15
DA:5,15
DA:6,15
DA:7,15
DA:9,6
LF:6
LH:6
BRDA:4,0,0,15
BRDA:4,0,1,0
BRF:2
BRH:1
end_of_record
TN:
SF:src\middlewares\validator.ts
FN:4,(anonymous_0)
FN:13,(anonymous_1)
FNF:2
FNH:2
FNDA:9,(anonymous_0)
FNDA:12,(anonymous_1)
DA:2,4
DA:4,4
DA:5,9
DA:6,9
DA:7,3
DA:8,3
DA:10,6
DA:13,4
DA:14,12
DA:15,12
DA:20,30
DA:21,30
DA:22,3
DA:23,3
DA:26,9
DA:27,1
DA:30,8
DA:31,8
DA:32,2
DA:33,2
DA:35,6
LF:21
LH:21
BRDA:6,0,0,3
BRDA:6,1,0,9
BRDA:6,1,1,6
BRDA:6,1,2,6
BRDA:21,2,0,3
BRDA:21,3,0,30
BRDA:21,3,1,27
BRDA:21,3,2,27
BRDA:26,4,0,1
BRDA:26,5,0,9
BRDA:26,5,1,9
BRDA:31,6,0,2
BRF:12
BRH:12
end_of_record
TN:
SF:src\models\genres.ts
FNF:0
FNH:0
DA:1,3
DA:3,3
DA:5,3
DA:9,3
LF:4
LH:4
BRF:0
BRH:0
end_of_record
TN:
SF:src\models\movies.ts
FNF:0
FNH:0
DA:1,3
DA:3,3
DA:5,3
DA:12,3
LF:4
LH:4
BRF:0
BRH:0
end_of_record
TN:
SF:src\routes\genres.ts
FNF:0
FNH:0
DA:1,3
DA:2,3
DA:3,3
DA:4,3
DA:6,3
DA:38,3
DA:82,3
DA:143,3
DA:188,3
DA:190,3
LF:10
LH:10
BRF:0
BRH:0
end_of_record
TN:
SF:src\routes\healthCheck.ts
FNF:0
FNH:0
DA:1,4
DA:2,4
DA:4,4
DA:27,4
DA:29,4
LF:5
LH:5
BRF:0
BRH:0
end_of_record
TN:
SF:src\routes\movies.ts
FNF:0
FNH:0
DA:1,3
DA:2,3
DA:9,3
DA:10,3
DA:12,3
DA:54,3
DA:118,3
DA:199,3
DA:244,3
DA:286,3
DA:288,3
LF:11
LH:11
BRF:0
BRH:0
end_of_record
